<?xml version="1.0" encoding="UTF-8"?>
<!-- Generated by org.testng.reporters.JUnitXMLReporter -->
<testsuite hostname="IITC-WS-QA27" ignored="0" name="Default test" tests="10" failures="0" timestamp="16 Jul 2018 05:58:38 GMT" time="113.156" errors="0">
  <testcase name="setup" time="21.45" classname="com.online.sanitySuite.TestCase_2_Fabhotels"/>
  <testcase name="enter_city" time="7.718" classname="com.online.sanitySuite.TestCase_2_Fabhotels"/>
  <testcase name="select_date" time="4.665" classname="com.online.sanitySuite.TestCase_2_Fabhotels"/>
  <testcase name="verify_date_format" time="5.279" classname="com.online.sanitySuite.TestCase_2_Fabhotels"/>
  <testcase name="click_search_button" time="22.228" classname="com.online.sanitySuite.TestCase_2_Fabhotels"/>
  <testcase name="click_first_hotel_link" time="3.229" classname="com.online.sanitySuite.TestCase_2_Fabhotels"/>
  <testcase name="click_select_room" time="4.167" classname="com.online.sanitySuite.TestCase_2_Fabhotels"/>
  <testcase name="select_guests" time="22.334" classname="com.online.sanitySuite.TestCase_2_Fabhotels"/>
  <testcase name="click_pay_button" time="0.171" classname="com.online.sanitySuite.TestCase_2_Fabhotels"/>
  <testcase name="verify_prices" time="20.825" classname="com.online.sanitySuite.TestCase_2_Fabhotels"/>
</testsuite> <!-- Default test -->
