<?xml version="1.0" encoding="UTF-8"?>
<testng-results skipped="0" failed="9" ignored="0" total="28" passed="19">
  <reporter-output>
  </reporter-output>
  <suite name="Synerzip-TestAutomation-SanitySuite" duration-ms="294792" started-at="2018-07-14T08:41:29Z" finished-at="2018-07-14T08:46:24Z">
    <groups>
    </groups>
    <test name="Test Suite 1" duration-ms="150424" started-at="2018-07-14T08:41:29Z" finished-at="2018-07-14T08:44:00Z">
      <class name="com.online.sanitySuite.TestCase_1_Fabhotels">
        <test-method status="PASS" signature="setup()[pri:0, instance:com.online.sanitySuite.TestCase_1_Fabhotels@bf9759]" name="setup" is-config="true" duration-ms="33497" started-at="2018-07-14T01:41:29Z" finished-at="2018-07-14T01:42:03Z">
          <reporter-output>
          </reporter-output>
        </test-method> <!-- setup -->
        <test-method status="PASS" signature="click_on_search_city()[pri:1, instance:com.online.sanitySuite.TestCase_1_Fabhotels@bf9759]" name="click_on_search_city" duration-ms="928" started-at="2018-07-14T01:42:03Z" finished-at="2018-07-14T01:42:04Z">
          <reporter-output>
          </reporter-output>
        </test-method> <!-- click_on_search_city -->
        <test-method status="PASS" signature="select_checkin_checkout_date_in_date_picker_and_verify_date_format()[pri:2, instance:com.online.sanitySuite.TestCase_1_Fabhotels@bf9759]" name="select_checkin_checkout_date_in_date_picker_and_verify_date_format" duration-ms="10439" started-at="2018-07-14T01:42:04Z" finished-at="2018-07-14T01:42:14Z">
          <reporter-output>
          </reporter-output>
        </test-method> <!-- select_checkin_checkout_date_in_date_picker_and_verify_date_format -->
        <test-method status="PASS" signature="click_on_first_hotel_link()[pri:3, instance:com.online.sanitySuite.TestCase_1_Fabhotels@bf9759]" name="click_on_first_hotel_link" duration-ms="4707" started-at="2018-07-14T01:42:14Z" finished-at="2018-07-14T01:42:19Z">
          <reporter-output>
          </reporter-output>
        </test-method> <!-- click_on_first_hotel_link -->
        <test-method status="PASS" signature="click_on_select_room_button()[pri:4, instance:com.online.sanitySuite.TestCase_1_Fabhotels@bf9759]" name="click_on_select_room_button" duration-ms="3453" started-at="2018-07-14T01:42:19Z" finished-at="2018-07-14T01:42:22Z">
          <reporter-output>
          </reporter-output>
        </test-method> <!-- click_on_select_room_button -->
        <test-method status="PASS" signature="click_on_first_pagination_button()[pri:5, instance:com.online.sanitySuite.TestCase_1_Fabhotels@bf9759]" name="click_on_first_pagination_button" duration-ms="2713" started-at="2018-07-14T01:42:22Z" finished-at="2018-07-14T01:42:25Z">
          <reporter-output>
          </reporter-output>
        </test-method> <!-- click_on_first_pagination_button -->
        <test-method status="PASS" signature="click_on_book_now_button()[pri:6, instance:com.online.sanitySuite.TestCase_1_Fabhotels@bf9759]" name="click_on_book_now_button" duration-ms="4614" started-at="2018-07-14T01:42:25Z" finished-at="2018-07-14T01:42:30Z">
          <reporter-output>
          </reporter-output>
        </test-method> <!-- click_on_book_now_button -->
        <test-method status="PASS" signature="remove_coupon_discount()[pri:7, instance:com.online.sanitySuite.TestCase_1_Fabhotels@bf9759]" name="remove_coupon_discount" duration-ms="2014" started-at="2018-07-14T01:42:30Z" finished-at="2018-07-14T01:42:32Z">
          <reporter-output>
          </reporter-output>
        </test-method> <!-- remove_coupon_discount -->
        <test-method status="PASS" signature="click_on_apply_coupon()[pri:8, instance:com.online.sanitySuite.TestCase_1_Fabhotels@bf9759]" name="click_on_apply_coupon" duration-ms="962" started-at="2018-07-14T01:42:32Z" finished-at="2018-07-14T01:42:33Z">
          <reporter-output>
          </reporter-output>
        </test-method> <!-- click_on_apply_coupon -->
        <test-method status="PASS" signature="enter_coupon_code()[pri:9, instance:com.online.sanitySuite.TestCase_1_Fabhotels@bf9759]" name="enter_coupon_code" duration-ms="14486" started-at="2018-07-14T01:42:33Z" finished-at="2018-07-14T01:42:47Z">
          <reporter-output>
          </reporter-output>
        </test-method> <!-- enter_coupon_code -->
        <test-method status="PASS" signature="click_apply_button()[pri:10, instance:com.online.sanitySuite.TestCase_1_Fabhotels@bf9759]" name="click_apply_button" duration-ms="3212" started-at="2018-07-14T01:42:47Z" finished-at="2018-07-14T01:42:50Z">
          <reporter-output>
          </reporter-output>
        </test-method> <!-- click_apply_button -->
        <test-method status="PASS" signature="enter_details()[pri:11, instance:com.online.sanitySuite.TestCase_1_Fabhotels@bf9759]" name="enter_details" duration-ms="48137" started-at="2018-07-14T01:42:50Z" finished-at="2018-07-14T01:43:38Z">
          <reporter-output>
          </reporter-output>
        </test-method> <!-- enter_details -->
        <test-method status="PASS" signature="click_pay_button()[pri:12, instance:com.online.sanitySuite.TestCase_1_Fabhotels@bf9759]" name="click_pay_button" duration-ms="2709" started-at="2018-07-14T01:43:38Z" finished-at="2018-07-14T01:43:41Z">
          <reporter-output>
          </reporter-output>
        </test-method> <!-- click_pay_button -->
        <test-method status="FAIL" signature="click_pay_hotel_tab()[pri:13, instance:com.online.sanitySuite.TestCase_1_Fabhotels@bf9759]" name="click_pay_hotel_tab" duration-ms="3086" started-at="2018-07-14T01:43:41Z" finished-at="2018-07-14T01:43:44Z">
          <exception class="org.openqa.selenium.InvalidSelectorException">
            <message>
              <![CDATA[Locator Strategy 'name' is not supported for this session (WARNING: The server did not provide any stacktrace information)
Command duration or timeout: 22 milliseconds
For documentation on this error, please visit: http://seleniumhq.org/exceptions/invalid_selector_exception.html
Build info: version: '3.4.0', revision: 'unknown', time: 'unknown'
System info: host: 'COSMOS-PC', ip: '192.168.0.7', os.name: 'Windows 7', os.arch: 'x86', os.version: '6.1', java.version: '1.8.0_171'
Driver info: io.appium.java_client.android.AndroidDriver
Capabilities [{appPackage=com.fabhotels.guests, deviceScreenSize=720x1280, networkConnectionEnabled=true, warnings={}, databaseEnabled=false, deviceName=X9L0214930003528, platform=LINUX, deviceUDID=X9L0214930003528, appActivity=app.fabhotels.MainActivity, desired={appPackage=com.fabhotels.guests, appActivity=app.fabhotels.MainActivity, platformVersion=6.0, platformName=Android, deviceName=RJ}, platformVersion=6.0, webStorageEnabled=false, locationContextEnabled=false, takesScreenshot=true, javascriptEnabled=true, deviceModel=H60-L04, platformName=Android, deviceManufacturer=HUAWEI}]
Session ID: 4db10bdc-6bdc-4e3b-ac19-e11f51e902c2
*** Element info: {Using=name, value=Wallets}]]>
            </message>
            <full-stacktrace>
              <![CDATA[org.openqa.selenium.InvalidSelectorException: Locator Strategy 'name' is not supported for this session (WARNING: The server did not provide any stacktrace information)
Command duration or timeout: 22 milliseconds
For documentation on this error, please visit: http://seleniumhq.org/exceptions/invalid_selector_exception.html
Build info: version: '3.4.0', revision: 'unknown', time: 'unknown'
System info: host: 'COSMOS-PC', ip: '192.168.0.7', os.name: 'Windows 7', os.arch: 'x86', os.version: '6.1', java.version: '1.8.0_171'
Driver info: io.appium.java_client.android.AndroidDriver
Capabilities [{appPackage=com.fabhotels.guests, deviceScreenSize=720x1280, networkConnectionEnabled=true, warnings={}, databaseEnabled=false, deviceName=X9L0214930003528, platform=LINUX, deviceUDID=X9L0214930003528, appActivity=app.fabhotels.MainActivity, desired={appPackage=com.fabhotels.guests, appActivity=app.fabhotels.MainActivity, platformVersion=6.0, platformName=Android, deviceName=RJ}, platformVersion=6.0, webStorageEnabled=false, locationContextEnabled=false, takesScreenshot=true, javascriptEnabled=true, deviceModel=H60-L04, platformName=Android, deviceManufacturer=HUAWEI}]
Session ID: 4db10bdc-6bdc-4e3b-ac19-e11f51e902c2
*** Element info: {Using=name, value=Wallets}
	at sun.reflect.NativeConstructorAccessorImpl.newInstance0(Native Method)
	at sun.reflect.NativeConstructorAccessorImpl.newInstance(Unknown Source)
	at sun.reflect.DelegatingConstructorAccessorImpl.newInstance(Unknown Source)
	at java.lang.reflect.Constructor.newInstance(Unknown Source)
	at org.openqa.selenium.remote.ErrorHandler.createThrowable(ErrorHandler.java:215)
	at org.openqa.selenium.remote.ErrorHandler.throwIfResponseFailed(ErrorHandler.java:167)
	at org.openqa.selenium.remote.RemoteWebDriver.execute(RemoteWebDriver.java:671)
	at io.appium.java_client.DefaultGenericMobileDriver.execute(DefaultGenericMobileDriver.java:40)
	at io.appium.java_client.AppiumDriver.execute(AppiumDriver.java:1)
	at io.appium.java_client.android.AndroidDriver.execute(AndroidDriver.java:1)
	at org.openqa.selenium.remote.RemoteWebDriver.findElement(RemoteWebDriver.java:410)
	at io.appium.java_client.DefaultGenericMobileDriver.findElement(DefaultGenericMobileDriver.java:56)
	at io.appium.java_client.AppiumDriver.findElement(AppiumDriver.java:1)
	at io.appium.java_client.android.AndroidDriver.findElement(AndroidDriver.java:1)
	at org.openqa.selenium.remote.RemoteWebDriver.findElementByName(RemoteWebDriver.java:485)
	at io.appium.java_client.DefaultGenericMobileDriver.findElementByName(DefaultGenericMobileDriver.java:104)
	at io.appium.java_client.AppiumDriver.findElementByName(AppiumDriver.java:1)
	at io.appium.java_client.android.AndroidDriver.findElementByName(AndroidDriver.java:1)
	at org.openqa.selenium.By$ByName.findElement(By.java:303)
	at org.openqa.selenium.remote.RemoteWebDriver.findElement(RemoteWebDriver.java:402)
	at io.appium.java_client.DefaultGenericMobileDriver.findElement(DefaultGenericMobileDriver.java:52)
	at io.appium.java_client.AppiumDriver.findElement(AppiumDriver.java:1)
	at io.appium.java_client.android.AndroidDriver.findElement(AndroidDriver.java:1)
	at com.online.sanitySuite.TestCase_1_Fabhotels.click_pay_hotel_tab(TestCase_1_Fabhotels.java:201)
	at sun.reflect.NativeMethodAccessorImpl.invoke0(Native Method)
	at sun.reflect.NativeMethodAccessorImpl.invoke(Unknown Source)
	at sun.reflect.DelegatingMethodAccessorImpl.invoke(Unknown Source)
	at java.lang.reflect.Method.invoke(Unknown Source)
	at org.testng.internal.MethodInvocationHelper.invokeMethod(MethodInvocationHelper.java:108)
	at org.testng.internal.Invoker.invokeMethod(Invoker.java:661)
	at org.testng.internal.Invoker.invokeTestMethod(Invoker.java:869)
	at org.testng.internal.Invoker.invokeTestMethods(Invoker.java:1193)
	at org.testng.internal.TestMethodWorker.invokeTestMethods(TestMethodWorker.java:126)
	at org.testng.internal.TestMethodWorker.run(TestMethodWorker.java:109)
	at org.testng.TestRunner.privateRun(TestRunner.java:744)
	at org.testng.TestRunner.run(TestRunner.java:602)
	at org.testng.SuiteRunner.runTest(SuiteRunner.java:380)
	at org.testng.SuiteRunner.runSequentially(SuiteRunner.java:375)
	at org.testng.SuiteRunner.privateRun(SuiteRunner.java:340)
	at org.testng.SuiteRunner.run(SuiteRunner.java:289)
	at org.testng.SuiteRunnerWorker.runSuite(SuiteRunnerWorker.java:52)
	at org.testng.SuiteRunnerWorker.run(SuiteRunnerWorker.java:86)
	at org.testng.TestNG.runSuitesSequentially(TestNG.java:1301)
	at org.testng.TestNG.runSuitesLocally(TestNG.java:1226)
	at org.testng.TestNG.runSuites(TestNG.java:1144)
	at org.testng.TestNG.run(TestNG.java:1115)
	at org.testng.remote.AbstractRemoteTestNG.run(AbstractRemoteTestNG.java:114)
	at org.testng.remote.RemoteTestNG.initAndRun(RemoteTestNG.java:251)
	at org.testng.remote.RemoteTestNG.main(RemoteTestNG.java:77)
]]>
            </full-stacktrace>
          </exception> <!-- org.openqa.selenium.InvalidSelectorException -->
          <reporter-output>
          </reporter-output>
        </test-method> <!-- click_pay_hotel_tab -->
        <test-method status="PASS" signature="click_pay_hotel_button()[pri:14, instance:com.online.sanitySuite.TestCase_1_Fabhotels@bf9759]" name="click_pay_hotel_button" duration-ms="2522" started-at="2018-07-14T01:43:44Z" finished-at="2018-07-14T01:43:47Z">
          <reporter-output>
          </reporter-output>
        </test-method> <!-- click_pay_hotel_button -->
        <test-method status="FAIL" signature="click_on_deny_on_sms_pop_up()[pri:15, instance:com.online.sanitySuite.TestCase_1_Fabhotels@bf9759]" name="click_on_deny_on_sms_pop_up" duration-ms="2283" started-at="2018-07-14T01:43:47Z" finished-at="2018-07-14T01:43:49Z">
          <exception class="org.openqa.selenium.NoSuchElementException">
            <message>
              <![CDATA[An element could not be located on the page using the given search parameters. (WARNING: The server did not provide any stacktrace information)
Command duration or timeout: 279 milliseconds
For documentation on this error, please visit: http://seleniumhq.org/exceptions/no_such_element.html
Build info: version: '3.4.0', revision: 'unknown', time: 'unknown'
System info: host: 'COSMOS-PC', ip: '192.168.0.7', os.name: 'Windows 7', os.arch: 'x86', os.version: '6.1', java.version: '1.8.0_171'
Driver info: io.appium.java_client.android.AndroidDriver
Capabilities [{appPackage=com.fabhotels.guests, deviceScreenSize=720x1280, networkConnectionEnabled=true, warnings={}, databaseEnabled=false, deviceName=X9L0214930003528, platform=LINUX, deviceUDID=X9L0214930003528, appActivity=app.fabhotels.MainActivity, desired={appPackage=com.fabhotels.guests, appActivity=app.fabhotels.MainActivity, platformVersion=6.0, platformName=Android, deviceName=RJ}, platformVersion=6.0, webStorageEnabled=false, locationContextEnabled=false, takesScreenshot=true, javascriptEnabled=true, deviceModel=H60-L04, platformName=Android, deviceManufacturer=HUAWEI}]
Session ID: 4db10bdc-6bdc-4e3b-ac19-e11f51e902c2
*** Element info: {Using=xpath, value=//android.widget.Button[contains(@resource-id,'permission_deny_button')]}]]>
            </message>
            <full-stacktrace>
              <![CDATA[org.openqa.selenium.NoSuchElementException: An element could not be located on the page using the given search parameters. (WARNING: The server did not provide any stacktrace information)
Command duration or timeout: 279 milliseconds
For documentation on this error, please visit: http://seleniumhq.org/exceptions/no_such_element.html
Build info: version: '3.4.0', revision: 'unknown', time: 'unknown'
System info: host: 'COSMOS-PC', ip: '192.168.0.7', os.name: 'Windows 7', os.arch: 'x86', os.version: '6.1', java.version: '1.8.0_171'
Driver info: io.appium.java_client.android.AndroidDriver
Capabilities [{appPackage=com.fabhotels.guests, deviceScreenSize=720x1280, networkConnectionEnabled=true, warnings={}, databaseEnabled=false, deviceName=X9L0214930003528, platform=LINUX, deviceUDID=X9L0214930003528, appActivity=app.fabhotels.MainActivity, desired={appPackage=com.fabhotels.guests, appActivity=app.fabhotels.MainActivity, platformVersion=6.0, platformName=Android, deviceName=RJ}, platformVersion=6.0, webStorageEnabled=false, locationContextEnabled=false, takesScreenshot=true, javascriptEnabled=true, deviceModel=H60-L04, platformName=Android, deviceManufacturer=HUAWEI}]
Session ID: 4db10bdc-6bdc-4e3b-ac19-e11f51e902c2
*** Element info: {Using=xpath, value=//android.widget.Button[contains(@resource-id,'permission_deny_button')]}
	at sun.reflect.NativeConstructorAccessorImpl.newInstance0(Native Method)
	at sun.reflect.NativeConstructorAccessorImpl.newInstance(Unknown Source)
	at sun.reflect.DelegatingConstructorAccessorImpl.newInstance(Unknown Source)
	at java.lang.reflect.Constructor.newInstance(Unknown Source)
	at org.openqa.selenium.remote.ErrorHandler.createThrowable(ErrorHandler.java:215)
	at org.openqa.selenium.remote.ErrorHandler.throwIfResponseFailed(ErrorHandler.java:167)
	at org.openqa.selenium.remote.RemoteWebDriver.execute(RemoteWebDriver.java:671)
	at io.appium.java_client.DefaultGenericMobileDriver.execute(DefaultGenericMobileDriver.java:40)
	at io.appium.java_client.AppiumDriver.execute(AppiumDriver.java:1)
	at io.appium.java_client.android.AndroidDriver.execute(AndroidDriver.java:1)
	at org.openqa.selenium.remote.RemoteWebDriver.findElement(RemoteWebDriver.java:410)
	at io.appium.java_client.DefaultGenericMobileDriver.findElement(DefaultGenericMobileDriver.java:56)
	at io.appium.java_client.AppiumDriver.findElement(AppiumDriver.java:1)
	at io.appium.java_client.android.AndroidDriver.findElement(AndroidDriver.java:1)
	at org.openqa.selenium.remote.RemoteWebDriver.findElementByXPath(RemoteWebDriver.java:509)
	at io.appium.java_client.DefaultGenericMobileDriver.findElementByXPath(DefaultGenericMobileDriver.java:134)
	at io.appium.java_client.AppiumDriver.findElementByXPath(AppiumDriver.java:1)
	at io.appium.java_client.android.AndroidDriver.findElementByXPath(AndroidDriver.java:1)
	at org.openqa.selenium.By$ByXPath.findElement(By.java:361)
	at org.openqa.selenium.remote.RemoteWebDriver.findElement(RemoteWebDriver.java:402)
	at io.appium.java_client.DefaultGenericMobileDriver.findElement(DefaultGenericMobileDriver.java:52)
	at io.appium.java_client.AppiumDriver.findElement(AppiumDriver.java:1)
	at io.appium.java_client.android.AndroidDriver.findElement(AndroidDriver.java:1)
	at com.online.sanitySuite.TestCase_1_Fabhotels.click_on_deny_on_sms_pop_up(TestCase_1_Fabhotels.java:216)
	at sun.reflect.NativeMethodAccessorImpl.invoke0(Native Method)
	at sun.reflect.NativeMethodAccessorImpl.invoke(Unknown Source)
	at sun.reflect.DelegatingMethodAccessorImpl.invoke(Unknown Source)
	at java.lang.reflect.Method.invoke(Unknown Source)
	at org.testng.internal.MethodInvocationHelper.invokeMethod(MethodInvocationHelper.java:108)
	at org.testng.internal.Invoker.invokeMethod(Invoker.java:661)
	at org.testng.internal.Invoker.invokeTestMethod(Invoker.java:869)
	at org.testng.internal.Invoker.invokeTestMethods(Invoker.java:1193)
	at org.testng.internal.TestMethodWorker.invokeTestMethods(TestMethodWorker.java:126)
	at org.testng.internal.TestMethodWorker.run(TestMethodWorker.java:109)
	at org.testng.TestRunner.privateRun(TestRunner.java:744)
	at org.testng.TestRunner.run(TestRunner.java:602)
	at org.testng.SuiteRunner.runTest(SuiteRunner.java:380)
	at org.testng.SuiteRunner.runSequentially(SuiteRunner.java:375)
	at org.testng.SuiteRunner.privateRun(SuiteRunner.java:340)
	at org.testng.SuiteRunner.run(SuiteRunner.java:289)
	at org.testng.SuiteRunnerWorker.runSuite(SuiteRunnerWorker.java:52)
	at org.testng.SuiteRunnerWorker.run(SuiteRunnerWorker.java:86)
	at org.testng.TestNG.runSuitesSequentially(TestNG.java:1301)
	at org.testng.TestNG.runSuitesLocally(TestNG.java:1226)
	at org.testng.TestNG.runSuites(TestNG.java:1144)
	at org.testng.TestNG.run(TestNG.java:1115)
	at org.testng.remote.AbstractRemoteTestNG.run(AbstractRemoteTestNG.java:114)
	at org.testng.remote.RemoteTestNG.initAndRun(RemoteTestNG.java:251)
	at org.testng.remote.RemoteTestNG.main(RemoteTestNG.java:77)
]]>
            </full-stacktrace>
          </exception> <!-- org.openqa.selenium.NoSuchElementException -->
          <reporter-output>
          </reporter-output>
        </test-method> <!-- click_on_deny_on_sms_pop_up -->
        <test-method status="FAIL" signature="close_otp_pop_up()[pri:16, instance:com.online.sanitySuite.TestCase_1_Fabhotels@bf9759]" name="close_otp_pop_up" duration-ms="2320" started-at="2018-07-14T01:43:49Z" finished-at="2018-07-14T01:43:51Z">
          <exception class="org.openqa.selenium.NoSuchElementException">
            <message>
              <![CDATA[An element could not be located on the page using the given search parameters. (WARNING: The server did not provide any stacktrace information)
Command duration or timeout: 311 milliseconds
For documentation on this error, please visit: http://seleniumhq.org/exceptions/no_such_element.html
Build info: version: '3.4.0', revision: 'unknown', time: 'unknown'
System info: host: 'COSMOS-PC', ip: '192.168.0.7', os.name: 'Windows 7', os.arch: 'x86', os.version: '6.1', java.version: '1.8.0_171'
Driver info: io.appium.java_client.android.AndroidDriver
Capabilities [{appPackage=com.fabhotels.guests, deviceScreenSize=720x1280, networkConnectionEnabled=true, warnings={}, databaseEnabled=false, deviceName=X9L0214930003528, platform=LINUX, deviceUDID=X9L0214930003528, appActivity=app.fabhotels.MainActivity, desired={appPackage=com.fabhotels.guests, appActivity=app.fabhotels.MainActivity, platformVersion=6.0, platformName=Android, deviceName=RJ}, platformVersion=6.0, webStorageEnabled=false, locationContextEnabled=false, takesScreenshot=true, javascriptEnabled=true, deviceModel=H60-L04, platformName=Android, deviceManufacturer=HUAWEI}]
Session ID: 4db10bdc-6bdc-4e3b-ac19-e11f51e902c2
*** Element info: {Using=xpath, value=//android.widget.ImageView[contains(@resource-id,'ivClose')]}]]>
            </message>
            <full-stacktrace>
              <![CDATA[org.openqa.selenium.NoSuchElementException: An element could not be located on the page using the given search parameters. (WARNING: The server did not provide any stacktrace information)
Command duration or timeout: 311 milliseconds
For documentation on this error, please visit: http://seleniumhq.org/exceptions/no_such_element.html
Build info: version: '3.4.0', revision: 'unknown', time: 'unknown'
System info: host: 'COSMOS-PC', ip: '192.168.0.7', os.name: 'Windows 7', os.arch: 'x86', os.version: '6.1', java.version: '1.8.0_171'
Driver info: io.appium.java_client.android.AndroidDriver
Capabilities [{appPackage=com.fabhotels.guests, deviceScreenSize=720x1280, networkConnectionEnabled=true, warnings={}, databaseEnabled=false, deviceName=X9L0214930003528, platform=LINUX, deviceUDID=X9L0214930003528, appActivity=app.fabhotels.MainActivity, desired={appPackage=com.fabhotels.guests, appActivity=app.fabhotels.MainActivity, platformVersion=6.0, platformName=Android, deviceName=RJ}, platformVersion=6.0, webStorageEnabled=false, locationContextEnabled=false, takesScreenshot=true, javascriptEnabled=true, deviceModel=H60-L04, platformName=Android, deviceManufacturer=HUAWEI}]
Session ID: 4db10bdc-6bdc-4e3b-ac19-e11f51e902c2
*** Element info: {Using=xpath, value=//android.widget.ImageView[contains(@resource-id,'ivClose')]}
	at sun.reflect.NativeConstructorAccessorImpl.newInstance0(Native Method)
	at sun.reflect.NativeConstructorAccessorImpl.newInstance(Unknown Source)
	at sun.reflect.DelegatingConstructorAccessorImpl.newInstance(Unknown Source)
	at java.lang.reflect.Constructor.newInstance(Unknown Source)
	at org.openqa.selenium.remote.ErrorHandler.createThrowable(ErrorHandler.java:215)
	at org.openqa.selenium.remote.ErrorHandler.throwIfResponseFailed(ErrorHandler.java:167)
	at org.openqa.selenium.remote.RemoteWebDriver.execute(RemoteWebDriver.java:671)
	at io.appium.java_client.DefaultGenericMobileDriver.execute(DefaultGenericMobileDriver.java:40)
	at io.appium.java_client.AppiumDriver.execute(AppiumDriver.java:1)
	at io.appium.java_client.android.AndroidDriver.execute(AndroidDriver.java:1)
	at org.openqa.selenium.remote.RemoteWebDriver.findElement(RemoteWebDriver.java:410)
	at io.appium.java_client.DefaultGenericMobileDriver.findElement(DefaultGenericMobileDriver.java:56)
	at io.appium.java_client.AppiumDriver.findElement(AppiumDriver.java:1)
	at io.appium.java_client.android.AndroidDriver.findElement(AndroidDriver.java:1)
	at org.openqa.selenium.remote.RemoteWebDriver.findElementByXPath(RemoteWebDriver.java:509)
	at io.appium.java_client.DefaultGenericMobileDriver.findElementByXPath(DefaultGenericMobileDriver.java:134)
	at io.appium.java_client.AppiumDriver.findElementByXPath(AppiumDriver.java:1)
	at io.appium.java_client.android.AndroidDriver.findElementByXPath(AndroidDriver.java:1)
	at org.openqa.selenium.By$ByXPath.findElement(By.java:361)
	at org.openqa.selenium.remote.RemoteWebDriver.findElement(RemoteWebDriver.java:402)
	at io.appium.java_client.DefaultGenericMobileDriver.findElement(DefaultGenericMobileDriver.java:52)
	at io.appium.java_client.AppiumDriver.findElement(AppiumDriver.java:1)
	at io.appium.java_client.android.AndroidDriver.findElement(AndroidDriver.java:1)
	at com.online.sanitySuite.TestCase_1_Fabhotels.close_otp_pop_up(TestCase_1_Fabhotels.java:224)
	at sun.reflect.NativeMethodAccessorImpl.invoke0(Native Method)
	at sun.reflect.NativeMethodAccessorImpl.invoke(Unknown Source)
	at sun.reflect.DelegatingMethodAccessorImpl.invoke(Unknown Source)
	at java.lang.reflect.Method.invoke(Unknown Source)
	at org.testng.internal.MethodInvocationHelper.invokeMethod(MethodInvocationHelper.java:108)
	at org.testng.internal.Invoker.invokeMethod(Invoker.java:661)
	at org.testng.internal.Invoker.invokeTestMethod(Invoker.java:869)
	at org.testng.internal.Invoker.invokeTestMethods(Invoker.java:1193)
	at org.testng.internal.TestMethodWorker.invokeTestMethods(TestMethodWorker.java:126)
	at org.testng.internal.TestMethodWorker.run(TestMethodWorker.java:109)
	at org.testng.TestRunner.privateRun(TestRunner.java:744)
	at org.testng.TestRunner.run(TestRunner.java:602)
	at org.testng.SuiteRunner.runTest(SuiteRunner.java:380)
	at org.testng.SuiteRunner.runSequentially(SuiteRunner.java:375)
	at org.testng.SuiteRunner.privateRun(SuiteRunner.java:340)
	at org.testng.SuiteRunner.run(SuiteRunner.java:289)
	at org.testng.SuiteRunnerWorker.runSuite(SuiteRunnerWorker.java:52)
	at org.testng.SuiteRunnerWorker.run(SuiteRunnerWorker.java:86)
	at org.testng.TestNG.runSuitesSequentially(TestNG.java:1301)
	at org.testng.TestNG.runSuitesLocally(TestNG.java:1226)
	at org.testng.TestNG.runSuites(TestNG.java:1144)
	at org.testng.TestNG.run(TestNG.java:1115)
	at org.testng.remote.AbstractRemoteTestNG.run(AbstractRemoteTestNG.java:114)
	at org.testng.remote.RemoteTestNG.initAndRun(RemoteTestNG.java:251)
	at org.testng.remote.RemoteTestNG.main(RemoteTestNG.java:77)
]]>
            </full-stacktrace>
          </exception> <!-- org.openqa.selenium.NoSuchElementException -->
          <reporter-output>
          </reporter-output>
        </test-method> <!-- close_otp_pop_up -->
        <test-method status="FAIL" signature="verify_amount_on_all_tabs()[pri:17, instance:com.online.sanitySuite.TestCase_1_Fabhotels@bf9759]" name="verify_amount_on_all_tabs" duration-ms="2074" started-at="2018-07-14T01:43:51Z" finished-at="2018-07-14T01:43:54Z">
          <exception class="org.openqa.selenium.InvalidSelectorException">
            <message>
              <![CDATA[javax.xml.transform.TransformerException: Extra illegal tokens: '$', 'c', '[', '@', 'index', '=', ''4'', ']' (WARNING: The server did not provide any stacktrace information)
Command duration or timeout: 67 milliseconds
For documentation on this error, please visit: http://seleniumhq.org/exceptions/invalid_selector_exception.html
Build info: version: '3.4.0', revision: 'unknown', time: 'unknown'
System info: host: 'COSMOS-PC', ip: '192.168.0.7', os.name: 'Windows 7', os.arch: 'x86', os.version: '6.1', java.version: '1.8.0_171'
Driver info: io.appium.java_client.android.AndroidDriver
Capabilities [{appPackage=com.fabhotels.guests, deviceScreenSize=720x1280, networkConnectionEnabled=true, warnings={}, databaseEnabled=false, deviceName=X9L0214930003528, platform=LINUX, deviceUDID=X9L0214930003528, appActivity=app.fabhotels.MainActivity, desired={appPackage=com.fabhotels.guests, appActivity=app.fabhotels.MainActivity, platformVersion=6.0, platformName=Android, deviceName=RJ}, platformVersion=6.0, webStorageEnabled=false, locationContextEnabled=false, takesScreenshot=true, javascriptEnabled=true, deviceModel=H60-L04, platformName=Android, deviceManufacturer=HUAWEI}]
Session ID: 4db10bdc-6bdc-4e3b-ac19-e11f51e902c2
*** Element info: {Using=xpath, value=//android.widget.HorizontalScrollView[contains(@resource-id,'tabLayout')]/android.support.v7.app.a$c[@index='4']}]]>
            </message>
            <full-stacktrace>
              <![CDATA[org.openqa.selenium.InvalidSelectorException: javax.xml.transform.TransformerException: Extra illegal tokens: '$', 'c', '[', '@', 'index', '=', ''4'', ']' (WARNING: The server did not provide any stacktrace information)
Command duration or timeout: 67 milliseconds
For documentation on this error, please visit: http://seleniumhq.org/exceptions/invalid_selector_exception.html
Build info: version: '3.4.0', revision: 'unknown', time: 'unknown'
System info: host: 'COSMOS-PC', ip: '192.168.0.7', os.name: 'Windows 7', os.arch: 'x86', os.version: '6.1', java.version: '1.8.0_171'
Driver info: io.appium.java_client.android.AndroidDriver
Capabilities [{appPackage=com.fabhotels.guests, deviceScreenSize=720x1280, networkConnectionEnabled=true, warnings={}, databaseEnabled=false, deviceName=X9L0214930003528, platform=LINUX, deviceUDID=X9L0214930003528, appActivity=app.fabhotels.MainActivity, desired={appPackage=com.fabhotels.guests, appActivity=app.fabhotels.MainActivity, platformVersion=6.0, platformName=Android, deviceName=RJ}, platformVersion=6.0, webStorageEnabled=false, locationContextEnabled=false, takesScreenshot=true, javascriptEnabled=true, deviceModel=H60-L04, platformName=Android, deviceManufacturer=HUAWEI}]
Session ID: 4db10bdc-6bdc-4e3b-ac19-e11f51e902c2
*** Element info: {Using=xpath, value=//android.widget.HorizontalScrollView[contains(@resource-id,'tabLayout')]/android.support.v7.app.a$c[@index='4']}
	at sun.reflect.NativeConstructorAccessorImpl.newInstance0(Native Method)
	at sun.reflect.NativeConstructorAccessorImpl.newInstance(Unknown Source)
	at sun.reflect.DelegatingConstructorAccessorImpl.newInstance(Unknown Source)
	at java.lang.reflect.Constructor.newInstance(Unknown Source)
	at org.openqa.selenium.remote.ErrorHandler.createThrowable(ErrorHandler.java:215)
	at org.openqa.selenium.remote.ErrorHandler.throwIfResponseFailed(ErrorHandler.java:167)
	at org.openqa.selenium.remote.RemoteWebDriver.execute(RemoteWebDriver.java:671)
	at io.appium.java_client.DefaultGenericMobileDriver.execute(DefaultGenericMobileDriver.java:40)
	at io.appium.java_client.AppiumDriver.execute(AppiumDriver.java:1)
	at io.appium.java_client.android.AndroidDriver.execute(AndroidDriver.java:1)
	at org.openqa.selenium.remote.RemoteWebDriver.findElement(RemoteWebDriver.java:410)
	at io.appium.java_client.DefaultGenericMobileDriver.findElement(DefaultGenericMobileDriver.java:56)
	at io.appium.java_client.AppiumDriver.findElement(AppiumDriver.java:1)
	at io.appium.java_client.android.AndroidDriver.findElement(AndroidDriver.java:1)
	at org.openqa.selenium.remote.RemoteWebDriver.findElementByXPath(RemoteWebDriver.java:509)
	at io.appium.java_client.DefaultGenericMobileDriver.findElementByXPath(DefaultGenericMobileDriver.java:134)
	at io.appium.java_client.AppiumDriver.findElementByXPath(AppiumDriver.java:1)
	at io.appium.java_client.android.AndroidDriver.findElementByXPath(AndroidDriver.java:1)
	at org.openqa.selenium.By$ByXPath.findElement(By.java:361)
	at org.openqa.selenium.remote.RemoteWebDriver.findElement(RemoteWebDriver.java:402)
	at io.appium.java_client.DefaultGenericMobileDriver.findElement(DefaultGenericMobileDriver.java:52)
	at io.appium.java_client.AppiumDriver.findElement(AppiumDriver.java:1)
	at io.appium.java_client.android.AndroidDriver.findElement(AndroidDriver.java:1)
	at com.online.sanitySuite.TestCase_1_Fabhotels.verify_amount_on_all_tabs(TestCase_1_Fabhotels.java:233)
	at sun.reflect.NativeMethodAccessorImpl.invoke0(Native Method)
	at sun.reflect.NativeMethodAccessorImpl.invoke(Unknown Source)
	at sun.reflect.DelegatingMethodAccessorImpl.invoke(Unknown Source)
	at java.lang.reflect.Method.invoke(Unknown Source)
	at org.testng.internal.MethodInvocationHelper.invokeMethod(MethodInvocationHelper.java:108)
	at org.testng.internal.Invoker.invokeMethod(Invoker.java:661)
	at org.testng.internal.Invoker.invokeTestMethod(Invoker.java:869)
	at org.testng.internal.Invoker.invokeTestMethods(Invoker.java:1193)
	at org.testng.internal.TestMethodWorker.invokeTestMethods(TestMethodWorker.java:126)
	at org.testng.internal.TestMethodWorker.run(TestMethodWorker.java:109)
	at org.testng.TestRunner.privateRun(TestRunner.java:744)
	at org.testng.TestRunner.run(TestRunner.java:602)
	at org.testng.SuiteRunner.runTest(SuiteRunner.java:380)
	at org.testng.SuiteRunner.runSequentially(SuiteRunner.java:375)
	at org.testng.SuiteRunner.privateRun(SuiteRunner.java:340)
	at org.testng.SuiteRunner.run(SuiteRunner.java:289)
	at org.testng.SuiteRunnerWorker.runSuite(SuiteRunnerWorker.java:52)
	at org.testng.SuiteRunnerWorker.run(SuiteRunnerWorker.java:86)
	at org.testng.TestNG.runSuitesSequentially(TestNG.java:1301)
	at org.testng.TestNG.runSuitesLocally(TestNG.java:1226)
	at org.testng.TestNG.runSuites(TestNG.java:1144)
	at org.testng.TestNG.run(TestNG.java:1115)
	at org.testng.remote.AbstractRemoteTestNG.run(AbstractRemoteTestNG.java:114)
	at org.testng.remote.RemoteTestNG.initAndRun(RemoteTestNG.java:251)
	at org.testng.remote.RemoteTestNG.main(RemoteTestNG.java:77)
]]>
            </full-stacktrace>
          </exception> <!-- org.openqa.selenium.InvalidSelectorException -->
          <reporter-output>
          </reporter-output>
        </test-method> <!-- verify_amount_on_all_tabs -->
        <test-method status="FAIL" signature="click_on_back_button()[pri:18, instance:com.online.sanitySuite.TestCase_1_Fabhotels@bf9759]" name="click_on_back_button" duration-ms="300" started-at="2018-07-14T01:43:54Z" finished-at="2018-07-14T01:43:54Z">
          <exception class="org.openqa.selenium.NoSuchElementException">
            <message>
              <![CDATA[An element could not be located on the page using the given search parameters. (WARNING: The server did not provide any stacktrace information)
Command duration or timeout: 297 milliseconds
For documentation on this error, please visit: http://seleniumhq.org/exceptions/no_such_element.html
Build info: version: '3.4.0', revision: 'unknown', time: 'unknown'
System info: host: 'COSMOS-PC', ip: '192.168.0.7', os.name: 'Windows 7', os.arch: 'x86', os.version: '6.1', java.version: '1.8.0_171'
Driver info: io.appium.java_client.android.AndroidDriver
Capabilities [{appPackage=com.fabhotels.guests, deviceScreenSize=720x1280, networkConnectionEnabled=true, warnings={}, databaseEnabled=false, deviceName=X9L0214930003528, platform=LINUX, deviceUDID=X9L0214930003528, appActivity=app.fabhotels.MainActivity, desired={appPackage=com.fabhotels.guests, appActivity=app.fabhotels.MainActivity, platformVersion=6.0, platformName=Android, deviceName=RJ}, platformVersion=6.0, webStorageEnabled=false, locationContextEnabled=false, takesScreenshot=true, javascriptEnabled=true, deviceModel=H60-L04, platformName=Android, deviceManufacturer=HUAWEI}]
Session ID: 4db10bdc-6bdc-4e3b-ac19-e11f51e902c2
*** Element info: {Using=xpath, value=//android.widget.FrameLayout[@index='0']/android.widget.ImageButton[@index='0']}]]>
            </message>
            <full-stacktrace>
              <![CDATA[org.openqa.selenium.NoSuchElementException: An element could not be located on the page using the given search parameters. (WARNING: The server did not provide any stacktrace information)
Command duration or timeout: 297 milliseconds
For documentation on this error, please visit: http://seleniumhq.org/exceptions/no_such_element.html
Build info: version: '3.4.0', revision: 'unknown', time: 'unknown'
System info: host: 'COSMOS-PC', ip: '192.168.0.7', os.name: 'Windows 7', os.arch: 'x86', os.version: '6.1', java.version: '1.8.0_171'
Driver info: io.appium.java_client.android.AndroidDriver
Capabilities [{appPackage=com.fabhotels.guests, deviceScreenSize=720x1280, networkConnectionEnabled=true, warnings={}, databaseEnabled=false, deviceName=X9L0214930003528, platform=LINUX, deviceUDID=X9L0214930003528, appActivity=app.fabhotels.MainActivity, desired={appPackage=com.fabhotels.guests, appActivity=app.fabhotels.MainActivity, platformVersion=6.0, platformName=Android, deviceName=RJ}, platformVersion=6.0, webStorageEnabled=false, locationContextEnabled=false, takesScreenshot=true, javascriptEnabled=true, deviceModel=H60-L04, platformName=Android, deviceManufacturer=HUAWEI}]
Session ID: 4db10bdc-6bdc-4e3b-ac19-e11f51e902c2
*** Element info: {Using=xpath, value=//android.widget.FrameLayout[@index='0']/android.widget.ImageButton[@index='0']}
	at sun.reflect.NativeConstructorAccessorImpl.newInstance0(Native Method)
	at sun.reflect.NativeConstructorAccessorImpl.newInstance(Unknown Source)
	at sun.reflect.DelegatingConstructorAccessorImpl.newInstance(Unknown Source)
	at java.lang.reflect.Constructor.newInstance(Unknown Source)
	at org.openqa.selenium.remote.ErrorHandler.createThrowable(ErrorHandler.java:215)
	at org.openqa.selenium.remote.ErrorHandler.throwIfResponseFailed(ErrorHandler.java:167)
	at org.openqa.selenium.remote.RemoteWebDriver.execute(RemoteWebDriver.java:671)
	at io.appium.java_client.DefaultGenericMobileDriver.execute(DefaultGenericMobileDriver.java:40)
	at io.appium.java_client.AppiumDriver.execute(AppiumDriver.java:1)
	at io.appium.java_client.android.AndroidDriver.execute(AndroidDriver.java:1)
	at org.openqa.selenium.remote.RemoteWebDriver.findElement(RemoteWebDriver.java:410)
	at io.appium.java_client.DefaultGenericMobileDriver.findElement(DefaultGenericMobileDriver.java:56)
	at io.appium.java_client.AppiumDriver.findElement(AppiumDriver.java:1)
	at io.appium.java_client.android.AndroidDriver.findElement(AndroidDriver.java:1)
	at org.openqa.selenium.remote.RemoteWebDriver.findElementByXPath(RemoteWebDriver.java:509)
	at io.appium.java_client.DefaultGenericMobileDriver.findElementByXPath(DefaultGenericMobileDriver.java:134)
	at io.appium.java_client.AppiumDriver.findElementByXPath(AppiumDriver.java:1)
	at io.appium.java_client.android.AndroidDriver.findElementByXPath(AndroidDriver.java:1)
	at org.openqa.selenium.By$ByXPath.findElement(By.java:361)
	at org.openqa.selenium.remote.RemoteWebDriver.findElement(RemoteWebDriver.java:402)
	at io.appium.java_client.DefaultGenericMobileDriver.findElement(DefaultGenericMobileDriver.java:52)
	at io.appium.java_client.AppiumDriver.findElement(AppiumDriver.java:1)
	at io.appium.java_client.android.AndroidDriver.findElement(AndroidDriver.java:1)
	at com.online.sanitySuite.TestCase_1_Fabhotels.click_on_back_button(TestCase_1_Fabhotels.java:243)
	at sun.reflect.NativeMethodAccessorImpl.invoke0(Native Method)
	at sun.reflect.NativeMethodAccessorImpl.invoke(Unknown Source)
	at sun.reflect.DelegatingMethodAccessorImpl.invoke(Unknown Source)
	at java.lang.reflect.Method.invoke(Unknown Source)
	at org.testng.internal.MethodInvocationHelper.invokeMethod(MethodInvocationHelper.java:108)
	at org.testng.internal.Invoker.invokeMethod(Invoker.java:661)
	at org.testng.internal.Invoker.invokeTestMethod(Invoker.java:869)
	at org.testng.internal.Invoker.invokeTestMethods(Invoker.java:1193)
	at org.testng.internal.TestMethodWorker.invokeTestMethods(TestMethodWorker.java:126)
	at org.testng.internal.TestMethodWorker.run(TestMethodWorker.java:109)
	at org.testng.TestRunner.privateRun(TestRunner.java:744)
	at org.testng.TestRunner.run(TestRunner.java:602)
	at org.testng.SuiteRunner.runTest(SuiteRunner.java:380)
	at org.testng.SuiteRunner.runSequentially(SuiteRunner.java:375)
	at org.testng.SuiteRunner.privateRun(SuiteRunner.java:340)
	at org.testng.SuiteRunner.run(SuiteRunner.java:289)
	at org.testng.SuiteRunnerWorker.runSuite(SuiteRunnerWorker.java:52)
	at org.testng.SuiteRunnerWorker.run(SuiteRunnerWorker.java:86)
	at org.testng.TestNG.runSuitesSequentially(TestNG.java:1301)
	at org.testng.TestNG.runSuitesLocally(TestNG.java:1226)
	at org.testng.TestNG.runSuites(TestNG.java:1144)
	at org.testng.TestNG.run(TestNG.java:1115)
	at org.testng.remote.AbstractRemoteTestNG.run(AbstractRemoteTestNG.java:114)
	at org.testng.remote.RemoteTestNG.initAndRun(RemoteTestNG.java:251)
	at org.testng.remote.RemoteTestNG.main(RemoteTestNG.java:77)
]]>
            </full-stacktrace>
          </exception> <!-- org.openqa.selenium.NoSuchElementException -->
          <reporter-output>
          </reporter-output>
        </test-method> <!-- click_on_back_button -->
        <test-method status="PASS" signature="quitdriver()[pri:0, instance:com.online.sanitySuite.TestCase_1_Fabhotels@bf9759]" name="quitdriver" is-config="true" duration-ms="5804" started-at="2018-07-14T01:43:54Z" finished-at="2018-07-14T01:44:00Z">
          <reporter-output>
          </reporter-output>
        </test-method> <!-- quitdriver -->
      </class> <!-- com.online.sanitySuite.TestCase_1_Fabhotels -->
    </test> <!-- Test Suite 1 -->
    <test name="Test Suite 2" duration-ms="143622" started-at="2018-07-14T08:44:00Z" finished-at="2018-07-14T08:46:24Z">
      <class name="com.online.sanitySuite.TestCase_2_Fabhotels">
        <test-method status="PASS" signature="setup()[pri:1, instance:com.online.sanitySuite.TestCase_2_Fabhotels@df6e3a]" name="setup" duration-ms="18682" started-at="2018-07-14T01:44:00Z" finished-at="2018-07-14T01:44:19Z">
          <reporter-output>
          </reporter-output>
        </test-method> <!-- setup -->
        <test-method status="PASS" signature="enter_city()[pri:2, instance:com.online.sanitySuite.TestCase_2_Fabhotels@df6e3a]" name="enter_city" duration-ms="19830" started-at="2018-07-14T01:44:19Z" finished-at="2018-07-14T01:44:39Z">
          <reporter-output>
          </reporter-output>
        </test-method> <!-- enter_city -->
        <test-method status="PASS" signature="select_date()[pri:3, instance:com.online.sanitySuite.TestCase_2_Fabhotels@df6e3a]" name="select_date" duration-ms="22241" started-at="2018-07-14T01:44:39Z" finished-at="2018-07-14T01:45:01Z">
          <reporter-output>
          </reporter-output>
        </test-method> <!-- select_date -->
        <test-method status="PASS" signature="verify_date_format()[pri:4, instance:com.online.sanitySuite.TestCase_2_Fabhotels@df6e3a]" name="verify_date_format" duration-ms="9723" started-at="2018-07-14T01:45:01Z" finished-at="2018-07-14T01:45:11Z">
          <reporter-output>
          </reporter-output>
        </test-method> <!-- verify_date_format -->
        <test-method status="PASS" signature="click_search_button()[pri:5, instance:com.online.sanitySuite.TestCase_2_Fabhotels@df6e3a]" name="click_search_button" duration-ms="11695" started-at="2018-07-14T01:45:11Z" finished-at="2018-07-14T01:45:23Z">
          <reporter-output>
          </reporter-output>
        </test-method> <!-- click_search_button -->
        <test-method status="PASS" signature="click_first_hotel_link()[pri:6, instance:com.online.sanitySuite.TestCase_2_Fabhotels@df6e3a]" name="click_first_hotel_link" duration-ms="13532" started-at="2018-07-14T01:45:23Z" finished-at="2018-07-14T01:45:36Z">
          <reporter-output>
          </reporter-output>
        </test-method> <!-- click_first_hotel_link -->
        <test-method status="FAIL" signature="click_select_room()[pri:7, instance:com.online.sanitySuite.TestCase_2_Fabhotels@df6e3a]" name="click_select_room" duration-ms="10228" started-at="2018-07-14T01:45:36Z" finished-at="2018-07-14T01:45:46Z">
          <exception class="org.openqa.selenium.NoSuchElementException">
            <message>
              <![CDATA[no such element: Unable to locate element: {"method":"xpath","selector":"//div[contains(@class,'hotel_info_container')]/div/following-sibling::button[contains(@class,'select_room_button')]"}
  (Session info: chrome=67.0.3396.99)
  (Driver info: chromedriver=2.36.540470 (e522d04694c7ebea4ba8821272dbef4f9b818c91),platform=Windows NT 6.1.7601 SP1 x86) (WARNING: The server did not provide any stacktrace information)
Command duration or timeout: 10.07 seconds
For documentation on this error, please visit: http://seleniumhq.org/exceptions/no_such_element.html
Build info: version: '3.4.0', revision: 'unknown', time: 'unknown'
System info: host: 'COSMOS-PC', ip: '192.168.0.7', os.name: 'Windows 7', os.arch: 'x86', os.version: '6.1', java.version: '1.8.0_171'
Driver info: org.openqa.selenium.chrome.ChromeDriver
Capabilities [{applicationCacheEnabled=false, rotatable=false, mobileEmulationEnabled=false, networkConnectionEnabled=false, chrome={chromedriverVersion=2.36.540470 (e522d04694c7ebea4ba8821272dbef4f9b818c91), userDataDir=C:\Users\Cosmos\AppData\Local\Temp\scoped_dir10788_30258}, takesHeapSnapshot=true, pageLoadStrategy=normal, databaseEnabled=false, handlesAlerts=true, hasTouchScreen=false, version=67.0.3396.99, platform=XP, browserConnectionEnabled=false, nativeEvents=true, acceptSslCerts=false, acceptInsecureCerts=false, locationContextEnabled=true, webStorageEnabled=true, browserName=chrome, takesScreenshot=true, javascriptEnabled=true, cssSelectorsEnabled=true, setWindowRect=true, unexpectedAlertBehaviour=}]
Session ID: 1660eff41c3ead35a32b0a6a323e784d
*** Element info: {Using=xpath, value=//div[contains(@class,'hotel_info_container')]/div/following-sibling::button[contains(@class,'select_room_button')]}]]>
            </message>
            <full-stacktrace>
              <![CDATA[org.openqa.selenium.NoSuchElementException: no such element: Unable to locate element: {"method":"xpath","selector":"//div[contains(@class,'hotel_info_container')]/div/following-sibling::button[contains(@class,'select_room_button')]"}
  (Session info: chrome=67.0.3396.99)
  (Driver info: chromedriver=2.36.540470 (e522d04694c7ebea4ba8821272dbef4f9b818c91),platform=Windows NT 6.1.7601 SP1 x86) (WARNING: The server did not provide any stacktrace information)
Command duration or timeout: 10.07 seconds
For documentation on this error, please visit: http://seleniumhq.org/exceptions/no_such_element.html
Build info: version: '3.4.0', revision: 'unknown', time: 'unknown'
System info: host: 'COSMOS-PC', ip: '192.168.0.7', os.name: 'Windows 7', os.arch: 'x86', os.version: '6.1', java.version: '1.8.0_171'
Driver info: org.openqa.selenium.chrome.ChromeDriver
Capabilities [{applicationCacheEnabled=false, rotatable=false, mobileEmulationEnabled=false, networkConnectionEnabled=false, chrome={chromedriverVersion=2.36.540470 (e522d04694c7ebea4ba8821272dbef4f9b818c91), userDataDir=C:\Users\Cosmos\AppData\Local\Temp\scoped_dir10788_30258}, takesHeapSnapshot=true, pageLoadStrategy=normal, databaseEnabled=false, handlesAlerts=true, hasTouchScreen=false, version=67.0.3396.99, platform=XP, browserConnectionEnabled=false, nativeEvents=true, acceptSslCerts=false, acceptInsecureCerts=false, locationContextEnabled=true, webStorageEnabled=true, browserName=chrome, takesScreenshot=true, javascriptEnabled=true, cssSelectorsEnabled=true, setWindowRect=true, unexpectedAlertBehaviour=}]
Session ID: 1660eff41c3ead35a32b0a6a323e784d
*** Element info: {Using=xpath, value=//div[contains(@class,'hotel_info_container')]/div/following-sibling::button[contains(@class,'select_room_button')]}
	at sun.reflect.NativeConstructorAccessorImpl.newInstance0(Native Method)
	at sun.reflect.NativeConstructorAccessorImpl.newInstance(Unknown Source)
	at sun.reflect.DelegatingConstructorAccessorImpl.newInstance(Unknown Source)
	at java.lang.reflect.Constructor.newInstance(Unknown Source)
	at org.openqa.selenium.remote.ErrorHandler.createThrowable(ErrorHandler.java:215)
	at org.openqa.selenium.remote.ErrorHandler.throwIfResponseFailed(ErrorHandler.java:167)
	at org.openqa.selenium.remote.RemoteWebDriver.execute(RemoteWebDriver.java:671)
	at org.openqa.selenium.remote.RemoteWebDriver.findElement(RemoteWebDriver.java:410)
	at org.openqa.selenium.remote.RemoteWebDriver.findElementByXPath(RemoteWebDriver.java:509)
	at org.openqa.selenium.By$ByXPath.findElement(By.java:361)
	at org.openqa.selenium.remote.RemoteWebDriver.findElement(RemoteWebDriver.java:402)
	at com.online.sanitySuite.TestCase_2_Fabhotels.click_select_room(TestCase_2_Fabhotels.java:105)
	at sun.reflect.NativeMethodAccessorImpl.invoke0(Native Method)
	at sun.reflect.NativeMethodAccessorImpl.invoke(Unknown Source)
	at sun.reflect.DelegatingMethodAccessorImpl.invoke(Unknown Source)
	at java.lang.reflect.Method.invoke(Unknown Source)
	at org.testng.internal.MethodInvocationHelper.invokeMethod(MethodInvocationHelper.java:108)
	at org.testng.internal.Invoker.invokeMethod(Invoker.java:661)
	at org.testng.internal.Invoker.invokeTestMethod(Invoker.java:869)
	at org.testng.internal.Invoker.invokeTestMethods(Invoker.java:1193)
	at org.testng.internal.TestMethodWorker.invokeTestMethods(TestMethodWorker.java:126)
	at org.testng.internal.TestMethodWorker.run(TestMethodWorker.java:109)
	at org.testng.TestRunner.privateRun(TestRunner.java:744)
	at org.testng.TestRunner.run(TestRunner.java:602)
	at org.testng.SuiteRunner.runTest(SuiteRunner.java:380)
	at org.testng.SuiteRunner.runSequentially(SuiteRunner.java:375)
	at org.testng.SuiteRunner.privateRun(SuiteRunner.java:340)
	at org.testng.SuiteRunner.run(SuiteRunner.java:289)
	at org.testng.SuiteRunnerWorker.runSuite(SuiteRunnerWorker.java:52)
	at org.testng.SuiteRunnerWorker.run(SuiteRunnerWorker.java:86)
	at org.testng.TestNG.runSuitesSequentially(TestNG.java:1301)
	at org.testng.TestNG.runSuitesLocally(TestNG.java:1226)
	at org.testng.TestNG.runSuites(TestNG.java:1144)
	at org.testng.TestNG.run(TestNG.java:1115)
	at org.testng.remote.AbstractRemoteTestNG.run(AbstractRemoteTestNG.java:114)
	at org.testng.remote.RemoteTestNG.initAndRun(RemoteTestNG.java:251)
	at org.testng.remote.RemoteTestNG.main(RemoteTestNG.java:77)
]]>
            </full-stacktrace>
          </exception> <!-- org.openqa.selenium.NoSuchElementException -->
          <reporter-output>
          </reporter-output>
        </test-method> <!-- click_select_room -->
        <test-method status="FAIL" signature="select_guests()[pri:8, instance:com.online.sanitySuite.TestCase_2_Fabhotels@df6e3a]" name="select_guests" duration-ms="13019" started-at="2018-07-14T01:45:46Z" finished-at="2018-07-14T01:45:59Z">
          <exception class="org.openqa.selenium.NoSuchElementException">
            <message>
              <![CDATA[no such element: Unable to locate element: {"method":"css selector","selector":"button.select_room_type"}
  (Session info: chrome=67.0.3396.99)
  (Driver info: chromedriver=2.36.540470 (e522d04694c7ebea4ba8821272dbef4f9b818c91),platform=Windows NT 6.1.7601 SP1 x86) (WARNING: The server did not provide any stacktrace information)
Command duration or timeout: 10.02 seconds
For documentation on this error, please visit: http://seleniumhq.org/exceptions/no_such_element.html
Build info: version: '3.4.0', revision: 'unknown', time: 'unknown'
System info: host: 'COSMOS-PC', ip: '192.168.0.7', os.name: 'Windows 7', os.arch: 'x86', os.version: '6.1', java.version: '1.8.0_171'
Driver info: org.openqa.selenium.chrome.ChromeDriver
Capabilities [{applicationCacheEnabled=false, rotatable=false, mobileEmulationEnabled=false, networkConnectionEnabled=false, chrome={chromedriverVersion=2.36.540470 (e522d04694c7ebea4ba8821272dbef4f9b818c91), userDataDir=C:\Users\Cosmos\AppData\Local\Temp\scoped_dir10788_30258}, takesHeapSnapshot=true, pageLoadStrategy=normal, databaseEnabled=false, handlesAlerts=true, hasTouchScreen=false, version=67.0.3396.99, platform=XP, browserConnectionEnabled=false, nativeEvents=true, acceptSslCerts=false, acceptInsecureCerts=false, locationContextEnabled=true, webStorageEnabled=true, browserName=chrome, takesScreenshot=true, javascriptEnabled=true, cssSelectorsEnabled=true, setWindowRect=true, unexpectedAlertBehaviour=}]
Session ID: 1660eff41c3ead35a32b0a6a323e784d
*** Element info: {Using=css selector, value=button.select_room_type}]]>
            </message>
            <full-stacktrace>
              <![CDATA[org.openqa.selenium.NoSuchElementException: no such element: Unable to locate element: {"method":"css selector","selector":"button.select_room_type"}
  (Session info: chrome=67.0.3396.99)
  (Driver info: chromedriver=2.36.540470 (e522d04694c7ebea4ba8821272dbef4f9b818c91),platform=Windows NT 6.1.7601 SP1 x86) (WARNING: The server did not provide any stacktrace information)
Command duration or timeout: 10.02 seconds
For documentation on this error, please visit: http://seleniumhq.org/exceptions/no_such_element.html
Build info: version: '3.4.0', revision: 'unknown', time: 'unknown'
System info: host: 'COSMOS-PC', ip: '192.168.0.7', os.name: 'Windows 7', os.arch: 'x86', os.version: '6.1', java.version: '1.8.0_171'
Driver info: org.openqa.selenium.chrome.ChromeDriver
Capabilities [{applicationCacheEnabled=false, rotatable=false, mobileEmulationEnabled=false, networkConnectionEnabled=false, chrome={chromedriverVersion=2.36.540470 (e522d04694c7ebea4ba8821272dbef4f9b818c91), userDataDir=C:\Users\Cosmos\AppData\Local\Temp\scoped_dir10788_30258}, takesHeapSnapshot=true, pageLoadStrategy=normal, databaseEnabled=false, handlesAlerts=true, hasTouchScreen=false, version=67.0.3396.99, platform=XP, browserConnectionEnabled=false, nativeEvents=true, acceptSslCerts=false, acceptInsecureCerts=false, locationContextEnabled=true, webStorageEnabled=true, browserName=chrome, takesScreenshot=true, javascriptEnabled=true, cssSelectorsEnabled=true, setWindowRect=true, unexpectedAlertBehaviour=}]
Session ID: 1660eff41c3ead35a32b0a6a323e784d
*** Element info: {Using=css selector, value=button.select_room_type}
	at sun.reflect.NativeConstructorAccessorImpl.newInstance0(Native Method)
	at sun.reflect.NativeConstructorAccessorImpl.newInstance(Unknown Source)
	at sun.reflect.DelegatingConstructorAccessorImpl.newInstance(Unknown Source)
	at java.lang.reflect.Constructor.newInstance(Unknown Source)
	at org.openqa.selenium.remote.ErrorHandler.createThrowable(ErrorHandler.java:215)
	at org.openqa.selenium.remote.ErrorHandler.throwIfResponseFailed(ErrorHandler.java:167)
	at org.openqa.selenium.remote.RemoteWebDriver.execute(RemoteWebDriver.java:671)
	at org.openqa.selenium.remote.RemoteWebDriver.findElement(RemoteWebDriver.java:410)
	at org.openqa.selenium.remote.RemoteWebDriver.findElementByCssSelector(RemoteWebDriver.java:501)
	at org.openqa.selenium.By$ByCssSelector.findElement(By.java:430)
	at org.openqa.selenium.remote.RemoteWebDriver.findElement(RemoteWebDriver.java:402)
	at com.online.sanitySuite.TestCase_2_Fabhotels.select_guests(TestCase_2_Fabhotels.java:115)
	at sun.reflect.NativeMethodAccessorImpl.invoke0(Native Method)
	at sun.reflect.NativeMethodAccessorImpl.invoke(Unknown Source)
	at sun.reflect.DelegatingMethodAccessorImpl.invoke(Unknown Source)
	at java.lang.reflect.Method.invoke(Unknown Source)
	at org.testng.internal.MethodInvocationHelper.invokeMethod(MethodInvocationHelper.java:108)
	at org.testng.internal.Invoker.invokeMethod(Invoker.java:661)
	at org.testng.internal.Invoker.invokeTestMethod(Invoker.java:869)
	at org.testng.internal.Invoker.invokeTestMethods(Invoker.java:1193)
	at org.testng.internal.TestMethodWorker.invokeTestMethods(TestMethodWorker.java:126)
	at org.testng.internal.TestMethodWorker.run(TestMethodWorker.java:109)
	at org.testng.TestRunner.privateRun(TestRunner.java:744)
	at org.testng.TestRunner.run(TestRunner.java:602)
	at org.testng.SuiteRunner.runTest(SuiteRunner.java:380)
	at org.testng.SuiteRunner.runSequentially(SuiteRunner.java:375)
	at org.testng.SuiteRunner.privateRun(SuiteRunner.java:340)
	at org.testng.SuiteRunner.run(SuiteRunner.java:289)
	at org.testng.SuiteRunnerWorker.runSuite(SuiteRunnerWorker.java:52)
	at org.testng.SuiteRunnerWorker.run(SuiteRunnerWorker.java:86)
	at org.testng.TestNG.runSuitesSequentially(TestNG.java:1301)
	at org.testng.TestNG.runSuitesLocally(TestNG.java:1226)
	at org.testng.TestNG.runSuites(TestNG.java:1144)
	at org.testng.TestNG.run(TestNG.java:1115)
	at org.testng.remote.AbstractRemoteTestNG.run(AbstractRemoteTestNG.java:114)
	at org.testng.remote.RemoteTestNG.initAndRun(RemoteTestNG.java:251)
	at org.testng.remote.RemoteTestNG.main(RemoteTestNG.java:77)
]]>
            </full-stacktrace>
          </exception> <!-- org.openqa.selenium.NoSuchElementException -->
          <reporter-output>
          </reporter-output>
        </test-method> <!-- select_guests -->
        <test-method status="FAIL" signature="click_pay_button()[pri:9, instance:com.online.sanitySuite.TestCase_2_Fabhotels@df6e3a]" name="click_pay_button" duration-ms="10039" started-at="2018-07-14T01:45:59Z" finished-at="2018-07-14T01:46:09Z">
          <exception class="org.openqa.selenium.NoSuchElementException">
            <message>
              <![CDATA[no such element: Unable to locate element: {"method":"css selector","selector":"button.btn.proceed_to_pay_button"}
  (Session info: chrome=67.0.3396.99)
  (Driver info: chromedriver=2.36.540470 (e522d04694c7ebea4ba8821272dbef4f9b818c91),platform=Windows NT 6.1.7601 SP1 x86) (WARNING: The server did not provide any stacktrace information)
Command duration or timeout: 10.04 seconds
For documentation on this error, please visit: http://seleniumhq.org/exceptions/no_such_element.html
Build info: version: '3.4.0', revision: 'unknown', time: 'unknown'
System info: host: 'COSMOS-PC', ip: '192.168.0.7', os.name: 'Windows 7', os.arch: 'x86', os.version: '6.1', java.version: '1.8.0_171'
Driver info: org.openqa.selenium.chrome.ChromeDriver
Capabilities [{applicationCacheEnabled=false, rotatable=false, mobileEmulationEnabled=false, networkConnectionEnabled=false, chrome={chromedriverVersion=2.36.540470 (e522d04694c7ebea4ba8821272dbef4f9b818c91), userDataDir=C:\Users\Cosmos\AppData\Local\Temp\scoped_dir10788_30258}, takesHeapSnapshot=true, pageLoadStrategy=normal, databaseEnabled=false, handlesAlerts=true, hasTouchScreen=false, version=67.0.3396.99, platform=XP, browserConnectionEnabled=false, nativeEvents=true, acceptSslCerts=false, acceptInsecureCerts=false, locationContextEnabled=true, webStorageEnabled=true, browserName=chrome, takesScreenshot=true, javascriptEnabled=true, cssSelectorsEnabled=true, setWindowRect=true, unexpectedAlertBehaviour=}]
Session ID: 1660eff41c3ead35a32b0a6a323e784d
*** Element info: {Using=css selector, value=button.btn.proceed_to_pay_button}]]>
            </message>
            <full-stacktrace>
              <![CDATA[org.openqa.selenium.NoSuchElementException: no such element: Unable to locate element: {"method":"css selector","selector":"button.btn.proceed_to_pay_button"}
  (Session info: chrome=67.0.3396.99)
  (Driver info: chromedriver=2.36.540470 (e522d04694c7ebea4ba8821272dbef4f9b818c91),platform=Windows NT 6.1.7601 SP1 x86) (WARNING: The server did not provide any stacktrace information)
Command duration or timeout: 10.04 seconds
For documentation on this error, please visit: http://seleniumhq.org/exceptions/no_such_element.html
Build info: version: '3.4.0', revision: 'unknown', time: 'unknown'
System info: host: 'COSMOS-PC', ip: '192.168.0.7', os.name: 'Windows 7', os.arch: 'x86', os.version: '6.1', java.version: '1.8.0_171'
Driver info: org.openqa.selenium.chrome.ChromeDriver
Capabilities [{applicationCacheEnabled=false, rotatable=false, mobileEmulationEnabled=false, networkConnectionEnabled=false, chrome={chromedriverVersion=2.36.540470 (e522d04694c7ebea4ba8821272dbef4f9b818c91), userDataDir=C:\Users\Cosmos\AppData\Local\Temp\scoped_dir10788_30258}, takesHeapSnapshot=true, pageLoadStrategy=normal, databaseEnabled=false, handlesAlerts=true, hasTouchScreen=false, version=67.0.3396.99, platform=XP, browserConnectionEnabled=false, nativeEvents=true, acceptSslCerts=false, acceptInsecureCerts=false, locationContextEnabled=true, webStorageEnabled=true, browserName=chrome, takesScreenshot=true, javascriptEnabled=true, cssSelectorsEnabled=true, setWindowRect=true, unexpectedAlertBehaviour=}]
Session ID: 1660eff41c3ead35a32b0a6a323e784d
*** Element info: {Using=css selector, value=button.btn.proceed_to_pay_button}
	at sun.reflect.NativeConstructorAccessorImpl.newInstance0(Native Method)
	at sun.reflect.NativeConstructorAccessorImpl.newInstance(Unknown Source)
	at sun.reflect.DelegatingConstructorAccessorImpl.newInstance(Unknown Source)
	at java.lang.reflect.Constructor.newInstance(Unknown Source)
	at org.openqa.selenium.remote.ErrorHandler.createThrowable(ErrorHandler.java:215)
	at org.openqa.selenium.remote.ErrorHandler.throwIfResponseFailed(ErrorHandler.java:167)
	at org.openqa.selenium.remote.RemoteWebDriver.execute(RemoteWebDriver.java:671)
	at org.openqa.selenium.remote.RemoteWebDriver.findElement(RemoteWebDriver.java:410)
	at org.openqa.selenium.remote.RemoteWebDriver.findElementByCssSelector(RemoteWebDriver.java:501)
	at org.openqa.selenium.By$ByCssSelector.findElement(By.java:430)
	at org.openqa.selenium.remote.RemoteWebDriver.findElement(RemoteWebDriver.java:402)
	at com.online.sanitySuite.TestCase_2_Fabhotels.click_pay_button(TestCase_2_Fabhotels.java:132)
	at sun.reflect.NativeMethodAccessorImpl.invoke0(Native Method)
	at sun.reflect.NativeMethodAccessorImpl.invoke(Unknown Source)
	at sun.reflect.DelegatingMethodAccessorImpl.invoke(Unknown Source)
	at java.lang.reflect.Method.invoke(Unknown Source)
	at org.testng.internal.MethodInvocationHelper.invokeMethod(MethodInvocationHelper.java:108)
	at org.testng.internal.Invoker.invokeMethod(Invoker.java:661)
	at org.testng.internal.Invoker.invokeTestMethod(Invoker.java:869)
	at org.testng.internal.Invoker.invokeTestMethods(Invoker.java:1193)
	at org.testng.internal.TestMethodWorker.invokeTestMethods(TestMethodWorker.java:126)
	at org.testng.internal.TestMethodWorker.run(TestMethodWorker.java:109)
	at org.testng.TestRunner.privateRun(TestRunner.java:744)
	at org.testng.TestRunner.run(TestRunner.java:602)
	at org.testng.SuiteRunner.runTest(SuiteRunner.java:380)
	at org.testng.SuiteRunner.runSequentially(SuiteRunner.java:375)
	at org.testng.SuiteRunner.privateRun(SuiteRunner.java:340)
	at org.testng.SuiteRunner.run(SuiteRunner.java:289)
	at org.testng.SuiteRunnerWorker.runSuite(SuiteRunnerWorker.java:52)
	at org.testng.SuiteRunnerWorker.run(SuiteRunnerWorker.java:86)
	at org.testng.TestNG.runSuitesSequentially(TestNG.java:1301)
	at org.testng.TestNG.runSuitesLocally(TestNG.java:1226)
	at org.testng.TestNG.runSuites(TestNG.java:1144)
	at org.testng.TestNG.run(TestNG.java:1115)
	at org.testng.remote.AbstractRemoteTestNG.run(AbstractRemoteTestNG.java:114)
	at org.testng.remote.RemoteTestNG.initAndRun(RemoteTestNG.java:251)
	at org.testng.remote.RemoteTestNG.main(RemoteTestNG.java:77)
]]>
            </full-stacktrace>
          </exception> <!-- org.openqa.selenium.NoSuchElementException -->
          <reporter-output>
          </reporter-output>
        </test-method> <!-- click_pay_button -->
        <test-method status="FAIL" signature="verify_prices()[pri:9, instance:com.online.sanitySuite.TestCase_2_Fabhotels@df6e3a]" name="verify_prices" duration-ms="10069" started-at="2018-07-14T01:46:09Z" finished-at="2018-07-14T01:46:19Z">
          <exception class="org.openqa.selenium.NoSuchElementException">
            <message>
              <![CDATA[no such element: Unable to locate element: {"method":"css selector","selector":"span.promo-rate-cut"}
  (Session info: chrome=67.0.3396.99)
  (Driver info: chromedriver=2.36.540470 (e522d04694c7ebea4ba8821272dbef4f9b818c91),platform=Windows NT 6.1.7601 SP1 x86) (WARNING: The server did not provide any stacktrace information)
Command duration or timeout: 10.07 seconds
For documentation on this error, please visit: http://seleniumhq.org/exceptions/no_such_element.html
Build info: version: '3.4.0', revision: 'unknown', time: 'unknown'
System info: host: 'COSMOS-PC', ip: '192.168.0.7', os.name: 'Windows 7', os.arch: 'x86', os.version: '6.1', java.version: '1.8.0_171'
Driver info: org.openqa.selenium.chrome.ChromeDriver
Capabilities [{applicationCacheEnabled=false, rotatable=false, mobileEmulationEnabled=false, networkConnectionEnabled=false, chrome={chromedriverVersion=2.36.540470 (e522d04694c7ebea4ba8821272dbef4f9b818c91), userDataDir=C:\Users\Cosmos\AppData\Local\Temp\scoped_dir10788_30258}, takesHeapSnapshot=true, pageLoadStrategy=normal, databaseEnabled=false, handlesAlerts=true, hasTouchScreen=false, version=67.0.3396.99, platform=XP, browserConnectionEnabled=false, nativeEvents=true, acceptSslCerts=false, acceptInsecureCerts=false, locationContextEnabled=true, webStorageEnabled=true, browserName=chrome, takesScreenshot=true, javascriptEnabled=true, cssSelectorsEnabled=true, setWindowRect=true, unexpectedAlertBehaviour=}]
Session ID: 1660eff41c3ead35a32b0a6a323e784d
*** Element info: {Using=css selector, value=span.promo-rate-cut}]]>
            </message>
            <full-stacktrace>
              <![CDATA[org.openqa.selenium.NoSuchElementException: no such element: Unable to locate element: {"method":"css selector","selector":"span.promo-rate-cut"}
  (Session info: chrome=67.0.3396.99)
  (Driver info: chromedriver=2.36.540470 (e522d04694c7ebea4ba8821272dbef4f9b818c91),platform=Windows NT 6.1.7601 SP1 x86) (WARNING: The server did not provide any stacktrace information)
Command duration or timeout: 10.07 seconds
For documentation on this error, please visit: http://seleniumhq.org/exceptions/no_such_element.html
Build info: version: '3.4.0', revision: 'unknown', time: 'unknown'
System info: host: 'COSMOS-PC', ip: '192.168.0.7', os.name: 'Windows 7', os.arch: 'x86', os.version: '6.1', java.version: '1.8.0_171'
Driver info: org.openqa.selenium.chrome.ChromeDriver
Capabilities [{applicationCacheEnabled=false, rotatable=false, mobileEmulationEnabled=false, networkConnectionEnabled=false, chrome={chromedriverVersion=2.36.540470 (e522d04694c7ebea4ba8821272dbef4f9b818c91), userDataDir=C:\Users\Cosmos\AppData\Local\Temp\scoped_dir10788_30258}, takesHeapSnapshot=true, pageLoadStrategy=normal, databaseEnabled=false, handlesAlerts=true, hasTouchScreen=false, version=67.0.3396.99, platform=XP, browserConnectionEnabled=false, nativeEvents=true, acceptSslCerts=false, acceptInsecureCerts=false, locationContextEnabled=true, webStorageEnabled=true, browserName=chrome, takesScreenshot=true, javascriptEnabled=true, cssSelectorsEnabled=true, setWindowRect=true, unexpectedAlertBehaviour=}]
Session ID: 1660eff41c3ead35a32b0a6a323e784d
*** Element info: {Using=css selector, value=span.promo-rate-cut}
	at sun.reflect.NativeConstructorAccessorImpl.newInstance0(Native Method)
	at sun.reflect.NativeConstructorAccessorImpl.newInstance(Unknown Source)
	at sun.reflect.DelegatingConstructorAccessorImpl.newInstance(Unknown Source)
	at java.lang.reflect.Constructor.newInstance(Unknown Source)
	at org.openqa.selenium.remote.ErrorHandler.createThrowable(ErrorHandler.java:215)
	at org.openqa.selenium.remote.ErrorHandler.throwIfResponseFailed(ErrorHandler.java:167)
	at org.openqa.selenium.remote.RemoteWebDriver.execute(RemoteWebDriver.java:671)
	at org.openqa.selenium.remote.RemoteWebDriver.findElement(RemoteWebDriver.java:410)
	at org.openqa.selenium.remote.RemoteWebDriver.findElementByCssSelector(RemoteWebDriver.java:501)
	at org.openqa.selenium.By$ByCssSelector.findElement(By.java:430)
	at org.openqa.selenium.remote.RemoteWebDriver.findElement(RemoteWebDriver.java:402)
	at com.online.sanitySuite.TestCase_2_Fabhotels.verify_prices(TestCase_2_Fabhotels.java:139)
	at sun.reflect.NativeMethodAccessorImpl.invoke0(Native Method)
	at sun.reflect.NativeMethodAccessorImpl.invoke(Unknown Source)
	at sun.reflect.DelegatingMethodAccessorImpl.invoke(Unknown Source)
	at java.lang.reflect.Method.invoke(Unknown Source)
	at org.testng.internal.MethodInvocationHelper.invokeMethod(MethodInvocationHelper.java:108)
	at org.testng.internal.Invoker.invokeMethod(Invoker.java:661)
	at org.testng.internal.Invoker.invokeTestMethod(Invoker.java:869)
	at org.testng.internal.Invoker.invokeTestMethods(Invoker.java:1193)
	at org.testng.internal.TestMethodWorker.invokeTestMethods(TestMethodWorker.java:126)
	at org.testng.internal.TestMethodWorker.run(TestMethodWorker.java:109)
	at org.testng.TestRunner.privateRun(TestRunner.java:744)
	at org.testng.TestRunner.run(TestRunner.java:602)
	at org.testng.SuiteRunner.runTest(SuiteRunner.java:380)
	at org.testng.SuiteRunner.runSequentially(SuiteRunner.java:375)
	at org.testng.SuiteRunner.privateRun(SuiteRunner.java:340)
	at org.testng.SuiteRunner.run(SuiteRunner.java:289)
	at org.testng.SuiteRunnerWorker.runSuite(SuiteRunnerWorker.java:52)
	at org.testng.SuiteRunnerWorker.run(SuiteRunnerWorker.java:86)
	at org.testng.TestNG.runSuitesSequentially(TestNG.java:1301)
	at org.testng.TestNG.runSuitesLocally(TestNG.java:1226)
	at org.testng.TestNG.runSuites(TestNG.java:1144)
	at org.testng.TestNG.run(TestNG.java:1115)
	at org.testng.remote.AbstractRemoteTestNG.run(AbstractRemoteTestNG.java:114)
	at org.testng.remote.RemoteTestNG.initAndRun(RemoteTestNG.java:251)
	at org.testng.remote.RemoteTestNG.main(RemoteTestNG.java:77)
]]>
            </full-stacktrace>
          </exception> <!-- org.openqa.selenium.NoSuchElementException -->
          <reporter-output>
          </reporter-output>
        </test-method> <!-- verify_prices -->
        <test-method status="PASS" signature="tearDown()[pri:0, instance:com.online.sanitySuite.TestCase_2_Fabhotels@df6e3a]" name="tearDown" is-config="true" duration-ms="4528" started-at="2018-07-14T01:46:19Z" finished-at="2018-07-14T01:46:24Z">
          <reporter-output>
          </reporter-output>
        </test-method> <!-- tearDown -->
      </class> <!-- com.online.sanitySuite.TestCase_2_Fabhotels -->
    </test> <!-- Test Suite 2 -->
  </suite> <!-- Synerzip-TestAutomation-SanitySuite -->
</testng-results>
